<?xml version="1.0" encoding="UTF-8"?>
<data>
	<node>
		<title><![CDATA[B?n ?? tùy ch?nh bài hát th?p niên 80 c?a Beat Saber]]></title>
		<excerpt><![CDATA[Nh?ng n?m 80 là kho?ng th?i gian mà khó có th? phân bi?t ???c k? l? và mát m?.H?u h?t các ngh? s? ??u ?? tóc l?n, trang ph?c hào nhoáng, tính cách ái nam ái n? trên sân kh?u và ?? th? ki?u k? qu?c - và th? âm nh?c mà h? t?o ra]]></excerpt>
		<content><![CDATA[<p>Nh?ng n?m 80 là th?i ?i?m mà khó có th? phân bi?t ???c k? l? và mát m?. H?u h?t các ngh? s? ??u có mái tóc to, trang ph?c hào nhoáng, tính cách ái nam ái n? trên sân kh?u và ?? th? k? qu?c - và âm nh?c h? t?o ra c?ng tuân theo m?t tri?t lý t??ng t?. M?i th? ??u ch?a ??y tính t?ng h?p và tiên phong, g?n nh? là sáng tác c?a t??ng lai, tr? trêu thay, nghe có v? c? ?i?n ??i v?i ng??i nghe hi?n ??i. Tuy nhiên, ?ó v?n là th?i k? hoàng kim cho s? sáng t?o trong l?nh v?c ph??ng ti?n. Các ngh? s? ?ang c? g?ng t?o ra h?n là tái t?o, ?i?u này ?ã khi?n h? mang ??n cho chúng ta nh?ng tác ph?m v??t th?i gian mà 40 n?m sau v?n nói v?i chúng ta. Hãy nh?y xu?ng DeLorean và quay tr? l?i nh?ng n?m 80 ?? chúng tôi có th? x?p h?ng m?t s? b?n nh?c ???c ánh x? tùy ch?nh hay nh?t mà b?n có th? ch?i trên Beat Sabre. </p><h3 class="content-title number-title"> 10. Tro tàn - David Bowie </h3><img src="http://localhost:8080/funground/wp-content/uploads/2022/06/10-ashes-to-ashes-beat-saber-song(5).jpg" alt=" Tro tàn - ?nh ch?p màn hình David Bowie Beat Sabre "><p> Ki?m tra Bài hát này David Bowie có ?nh h??ng l?n trong su?t nh?ng n?m 80 và Tro tàn là m?t nh?ng bài hát mang tính bi?u t??ng nh?t c?a anh ?y. Giai ?i?u này là k?t tinh c?a t?t c? nh?ng gì tôi v?a nói ??n. Nó th?t k? l?, ??y nh?ng âm thanh bí ?n và ??c ?áo mà b?n ch?a t?ng nghe th?y ? b?t k? n?i nào khác và nó v?n t?t nh? v?y sau 40 n?m. Rõ ràng là thi?u các bài hát c?a David Bowie ???c l?p b?n ?? cho Beat Saber, vì có bao nhiêu ng??i yêu thích ngh? s? ngông cu?ng. Tôi r?t vui vì ?ây là m?t trong s? ít nh?ng ng??i ?ã ??a nó vào trò ch?i. </p><h3 class="content-title number-title"> 9. 99 Bóng bay ?? - Nena </h3><img src="http://localhost:8080/funground/wp-content/uploads/2022/06/09-99-red-balloons-beat-saber-song(4).jpg" alt="99 Red Balloons - ?nh ch?p màn hình Nena Beat Sabre "><p> Ki?m tra Bài hát này Tôi ch?a bao gi? nghe m?t bài hát ph?n chi?n nào hay nh? 99 Luftballons - phát hành v?i tên ti?ng Anh là 99 Red Balloons vào n?m 1994. Nena là m?t ph?n c?a Neue Deutsche Welle, m?t th? lo?i âm nh?c m?i l? ra ??i ? Tây Berlin trong khi thành ph? v?n b? B?c t??ng Berlin c?t làm ?ôi. Nh? v?y, th?c t? c?a B?c màn s?t ?ã hi?n hi?n nhi?u h?n ??i v?i h? - và s? chán ghét c?a h? ??i v?i toàn b? s? vi?c th? hi?n rõ trong l?i bài hát. Tôi thích s? l?c quan và tràn ??y n?ng l??ng t?ng b?ng c?a bài hát m?c dù ca t? c?a nó có ph?n u ám. Tôi ?ã cho nó m?t v? trí cao h?n n?u nó là phiên b?n ti?ng ??c - th?m chí không ph?i ban nh?c quá hài lòng v?i b?n d?ch - nh?ng ánh x? trên b?n ti?ng Anh t?t h?n hàng d?m. </p><h3 class="content-title number-title"> 8. I Wanna Dance With Somebody (Who Loves Me) - Whitney Houston </h3><img src="http://localhost:8080/funground/wp-content/uploads/2022/06/08-i-wanna-dance-with-somebody-beat-saber-song(4).jpg" alt=" I Wanna Dance With Somebody (Who Loves Me) - ?nh ch?p màn hình Whitney Houston Beat Saber "><p>Ki?m tra Bài hát này Whitney Houston là m?t trong nh?ng ng??i chi?n th?ng l?n nh?t c?a n?n âm nh?c th?p niên 80. Và I Wanna Dance With Somebody là bài hát th? t? liên ti?p c?a cô ??ng ??u các b?ng x?p h?ng t?i M?. Không gi?ng nh? 99 Red Balloons mang h?i h??ng chính tr?, bài hát này mang tính cá nhân và tình c?m. ?ó là v? vi?c tìm th?y m?t ng??i s?n sàng nh?y xa m?i ?êm m?i ngày trong cu?c s?ng c?a b?n cùng nhau. Nó siêu thú v? và siêu lãng m?n cùng m?t lúc. Nói v? s? cô ??n, nh?ng thay vì khao khát tình yêu, bài hát khi?n b?n c?m th?y mu?n ra ngoài và tìm th?y m?t ng??i. </p><h3 class="content-title number-title"> 7. Gloria - Laura Branigan </h3><img src="http://localhost:8080/funground/wp-content/uploads/2022/06/07-gloria-beat-saber-song(4).jpg" alt="Gloria - Laura Branigan ?ánh b?i Saber ?nh ch?p màn hình "><p> Xem bài hát này N?u b?n ?ang tìm ki?m m?t bài hát c?a th?p niên 80 s? khi?n b?n có tâm tr?ng ?? c?t và xúc x?c v?i t?c ?? ?áng kinh ng?c, thì Gloria là l?a ch?n phù h?p. Phiên b?n ti?ng Ý ban ??u c?a Gloria do Umberto Tozzi th? hi?n là m?t b?n tình ca, nh?ng phiên b?n c?a Laura Branigan l?i nói v? ki?u cô gái không bao gi? ng?ng ngh? trong b?t k? khía c?nh nào c?a cu?c s?ng. Tôi ?ã yêu bài hát khi ch?i Metal Gear Solid V: The Phantom Pain, n?i ch?a ??y nh?ng giai ?i?u tuy?t v?i t? nh?ng n?m 80. ?ây là m?t trong nh?ng b?n nh?c ??u tiên b?n có th? nh?n ???c cho th? vi?n trong trò ch?i c?a mình và tôi ?ã chi?m ???c m?t l??ng l?n c?n c? c?a k? thù trong khi hát theo. </p><h3 class="content-title number-title"> 6. Ti?p nh?n tôi - A-ha </h3><img src="http://localhost:8080/funground/wp-content/uploads/2022/06/06-take-on-me-beat-saber-song(4).jpg" alt="?nh" ch?p="" màn="" hình="" "take="" on="" me="" -="" a-ha="" beat="" sabre"=""><p> Xem bài hát này M?t bài hát tuy?t v?i khác c?a th?p niên 80 mà tôi ?ã nghe ?i nghe l?i khi c??i ng?a vòng quanh Afghanistan là Take on Me c?a A- ha, phát hành vào n?m 1985 và tr? thành ??a ??n ??ng ??u b?ng x?p h?ng duy nh?t c?a ban nh?c. Bài hát là s? k?t h?p c?a nhi?u nh?c c? và âm thanh synth-pop khác nhau. S? rung c?m ??c ?áo c?a nó ti?p t?c ??a nó tr? l?i s? chú ý c?a m?i ng??i thông qua các b? phim và trò ch?i nh? Deadpool 2 và The Last of Us 2. M?t lý do khác khi?n chúng tôi c?m th?y k?t n?i v?i bài hát này là ca t? v??t th?i gian c?a nó, t?t c? v? vi?c theo ?u?i tình yêu và không ?? c? h?i vu?t m?t. ngón tay c?a chúng ta vì s? th?t b?i. </p><h3 class="content-title number-title"> 5. S?ng sót khi c?u nguy?n - Bon Jovi </h3><img src="http://localhost:8080/funground/wp-content/uploads/2022/06/05-livin-on-a-prayer-beat-saber-song(4).jpg" alt=" Livin 'khi c?u nguy?n - ?nh ch?p màn hình Bon Jovi Beat Sabre "><p> Xem bài hát này c?a ban nh?c rock M? Bon Jovi có th? ph?n công b?ng trong các giai ?i?u ??ng ??u b?ng x?p h?ng. Nh?ng không ai có ?nh h??ng và mang tính bi?u t??ng nh? Livin on a Prayer. Bài hát này là bài hát c?a ?àn ông và ph? n? lao ??ng. ?ó là m?t bài hát v? nh?ng ng??i s?ng v?i ??c m? v? m?t ngày mai t?t ??p h?n. Nh?ng ng??i cùng nhau ch?y v? m?t t??ng lai không ch?c ch?n, n?i ch? có tình yêu và s? ?ng h? l?n nhau c?a h? ???c ??m b?o. N?u b?n ?ang ch?i Beat Sabre trên tai nghe th?c t? ?o c?a riêng mình, có th? b?n s? không ph?i v?t l?n ?? ki?m s?ng - nh?ng t?t c? chúng ta ??u g?p khó kh?n và bài hát này s? giúp b?n gi?m b?t c?ng th?ng khi chi?n ??u vì m?t t??ng lai t?t ??p h?n. </p><h3 class="content-title number-title"> 4. Phim kinh d? - Michael Jackson </h3><img src="http://localhost:8080/funground/wp-content/uploads/2022/06/04-thriller-beat-saber-song(4).jpg" alt="Thriller - ?nh ch?p màn hình Michael Jackson Beat Sabre"><p> Ki?m tra bài hát này ??i v?i m?t s? ng??i trong chúng ta, Halloween luôn ??n g?n. Thriller là m?t bài ca ma quái v??t th?i gian s? ??a b?n ??n ?êm ?áng s? nh?t trong n?m b?t k? ngày nào trên l?ch. ?i?u này ??c bi?t ?úng trong môi tr??ng VR c?a Beat Sabre. Sau khi b?n ?eo tai nghe vào, th? gi?i bên ngoài s? không còn t?n t?i - ch? có b?n và bài ca Halloween c?a Michael Jackson. T?t c? chúng tôi ?ã c? g?ng h?c cách chuy?n sang video âm nh?c Thriller vào m?t th?i ?i?m nào ?ó trong cu?c ??i mình. Nh?ng b?n ?? này s? ??a hi?u su?t c?a b?n lên m?t t?m cao m?i. Các kh?i ghi chú, t??ng và bom ??u ? ?úng v? trí ?? giúp b?n di chuy?n nh? MJ. </p><h3 class="content-title number-title"> 3. Danh sách phát Little Shop of Horrors </h3><img src="http://localhost:8080/funground/wp-content/uploads/2022/06/03-little-shop-of-horrors-playlist-beat-saber-song(4).jpg" alt="Little Shop of Horrors Danh sách phát Beat Saber screenshot"><p> Xem bài hát này Nói v? ma quái, hãy xem danh sách phát này d?a trên b? phim ca nh?c Little Shop of Horrors n?m 1986 ???c yêu thích - d?a trên m?t b? phim hài ca nh?c n?m 1982, l?n l??t d?a trên m?t b? phim khác t? n?m 1960. Tôi choáng váng khi ch? ngh? v? nó. Nó có th? không ph?i là m?c chính th?ng nh?t, nh?ng b? phim hài ?en này không có gì là thiên tài - và nó ?ã ???c tôn sùng r?ng rãi nh? v?y k? t? khi phát hành. Nó có m?t s? b?n nh?c tuy?t v?i nh? Dentist và Suddenly, Seymour - và b?n có th? th??ng th?c t?t c? chúng trong danh sách phát tuy?t v?i này. </p><h3 class="content-title number-title"> 2. Never Gonna Give You Up - Rick Astley </h3><img src="http://localhost:8080/funground/wp-content/uploads/2022/06/02-never-gonna-give-you-up-beat-saber-song(4).jpg" alt=" Never Gonna Give You Up - ?nh ch?p màn hình Rick Astley Beat Sabre "><p> Ki?m tra Bài hát này Tôi hy v?ng b?n s? th? l?i cho tôi vì ?ã chê bai b?n. Tôi là m?t ??a tr? nh?ng n?m 90. Tôi không th? giúp nó! B? chuy?n c??i sang m?t bên, th?t khó ?? b? qua s?c h?p d?n c?a bài hát n?i ti?ng nh?t c?a Rick Astley. Tôi có th? ?ã tìm hi?u v? nó vì meme, nh?ng lý do tôi v?n gi? nó quay n?ng là nó b?t m?t nh? th? nào. Bài hát này l?p ??y trong tôi m?t chút ?m áp hoài c? mà tôi không th? có ???c ? b?t k? n?i nào khác. Và b?n nh?c này s? khi?n b?n nh?y nh? Rick Astley trong video ca nh?c n?i ti?ng. B?n s? không bao gi? mu?n quay l?i và b? qua Beat Saber cho ??n khi b?n thành th?o bài hát này. </p><h3 class="content-title number-title"> 1. Châu Phi - Toto </h3><img src="http://localhost:8080/funground/wp-content/uploads/2022/06/01-africa-beat-saber-song(4).jpg" alt="Châu Phi - ?nh ch?p màn hình Toto Beat Sabre"><p>Xem bài hát này Ai không thích Châu Phi c?a Toto?Nó ?ã có trên meme, truy?n hình và trò ch?i ?i?n t?.Bài hát là m?t b?n qu?c ca Millennial, m?c dù nó không m?i.Nó ?ã ???c r?t nhi?u ng??i yêu thích k? t? khi phát hành n?m 1982 khi nó v??n lên d?n ??u các b?ng x?p h?ng c?a M? và qu?c t?.K? t? tháng 1 n?m 2019, ?ã có h? th?ng l?p ??t âm thanh s? d?ng n?ng l??ng m?t tr?i ? sa m?c Namib phát bài hát 24/7.?ó là nh?ng gì tôi g?i là v??t th?i gian!Hy v?ng r?ng b?n c?ng s? ti?p t?c phát tri?n nó cho Beat Saber.</p>]]></content>
		<feature_img><![CDATA[https://static.fandomspot.com/images/11/22293/00-featured-never-gonna-give-you-up-beat-saber-song.jpg]]></feature_img>
		<tags><![CDATA[1980s,beat-saber,video-games]]></tags>
	</node>
</data>
